<?xml version="1.0" encoding="UTF-8"?>
<!-- Generated by org.testng.reporters.JUnitReportReporter -->
<testsuite hostname="Arunas-MacBook-Pro.local" failures="0" tests="1" name="com.qa.tests.GetStartedPageTestCases" time="1.288" errors="0" timestamp="3 Nov 2018 17:42:10 GMT">
  <testcase classname="com.qa.tests.GetStartedPageTestCases" name="FormFillUp" time="1.288"/>
</testsuite> <!-- com.qa.tests.GetStartedPageTestCases -->
