<?xml version="1.0" encoding="UTF-8"?>
<!-- Generated by org.testng.reporters.JUnitReportReporter -->
<testsuite hostname="Arunas-MacBook-Pro.local" failures="0" tests="1" name="com.qa.tests.GetStartedPageTestCases" time="1.266" errors="0" timestamp="01 Nov 2018 03:24:35 GMT" skipped="0">
  <testcase classname="com.qa.tests.GetStartedPageTestCases" name="FormFillUp" time="1.266"/>
</testsuite> <!-- com.qa.tests.GetStartedPageTestCases -->
